bSSYNews/build/outputs/logs/manifest-merger-debug-report.txt
-- Merging decision tree log ---
manifest
ADDED from src\main\AndroidManifest.xml:2:1-551:12
	package
		ADDED from src\main\AndroidManifest.xml:3:5-26
		INJECTED from src\main\AndroidManifest.xml
		INJECTED from src\main\AndroidManifest.xml
	android:versionName
		ADDED from src\main\AndroidManifest.xml:5:5-32
		INJECTED from src\main\AndroidManifest.xml
		INJECTED from src\main\AndroidManifest.xml
	android:versionCode
		ADDED from src\main\AndroidManifest.xml:4:5-29
		INJECTED from src\main\AndroidManifest.xml
		INJECTED from src\main\AndroidManifest.xml
	xmlns:android
		ADDED from src\main\AndroidManifest.xml:2:11-69
uses-sdk
ADDED from src\main\AndroidManifest.xml:7:5-9:41
MERGED from [org.sufficientlysecure:html-textview:3.3] AndroidManifest.xml:7:5-9:41
MERGED from [Wuzhanglong.bSSYNews.BSSYNewsLibrary:bSBaseSDK:unspecified] AndroidManifest.xml:7:5-9:41
MERGED from [com.android.support:support-v4:21.0.3] AndroidManifest.xml:15:5-42
MERGED from [Wuzhanglong.bSSYNews.BSSYNewsLibrary:bSLibraryUmengShare:unspecified] AndroidManifest.xml:7:5-9:41
	android:targetSdkVersion
		ADDED from src\main\AndroidManifest.xml:9:9-38
		INJECTED from src\main\AndroidManifest.xml
		INJECTED from src\main\AndroidManifest.xml
	android:minSdkVersion
		ADDED from src\main\AndroidManifest.xml:8:9-34
		INJECTED from src\main\AndroidManifest.xml
		INJECTED from src\main\AndroidManifest.xml
uses-permission#android.permission.VIBRATE
ADDED from src\main\AndroidManifest.xml:11:5-66
	android:name
		ADDED from src\main\AndroidManifest.xml:11:22-63
uses-permission#android.permission.ACCESS_NETWORK_STATE
ADDED from src\main\AndroidManifest.xml:12:5-79
MERGED from [Wuzhanglong.bSSYNews.BSSYNewsLibrary:bSBaseSDK:unspecified] AndroidManifest.xml:14:5-79
	android:name
		ADDED from src\main\AndroidManifest.xml:12:22-76
uses-permission#android.permission.ACCESS_WIFI_STATE
ADDED from src\main\AndroidManifest.xml:15:5-76
	android:name
		ADDED from src\main\AndroidManifest.xml:15:22-73
uses-permission#android.permission.READ_PHONE_STATE
ADDED from src\main\AndroidManifest.xml:16:5-75
	android:name
		ADDED from src\main\AndroidManifest.xml:16:22-72
uses-permission#android.permission.WRITE_EXTERNAL_STORAGE
ADDED from src\main\AndroidManifest.xml:17:5-81
	android:name
		ADDED from src\main\AndroidManifest.xml:17:22-78
uses-permission#android.permission.INTERNET
ADDED from src\main\AndroidManifest.xml:18:5-67
MERGED from [Wuzhanglong.bSSYNews.BSSYNewsLibrary:bSBaseSDK:unspecified] AndroidManifest.xml:11:5-67
	android:name
		ADDED from src\main\AndroidManifest.xml:18:22-64
uses-permission#android.permission.READ_LOGS
ADDED from src\main\AndroidManifest.xml:19:5-68
	android:name
		ADDED from src\main\AndroidManifest.xml:19:22-65
uses-permission#android.permission.ACCESS_FINE_LOCATION
ADDED from src\main\AndroidManifest.xml:20:5-79
	android:name
		ADDED from src\main\AndroidManifest.xml:20:22-76
uses-permission#android.permission.ACCESS_COARSE_LOCATION
ADDED from src\main\AndroidManifest.xml:21:5-81
	android:name
		ADDED from src\main\AndroidManifest.xml:21:22-78
uses-permission#android.permission.GET_TASKS
ADDED from src\main\AndroidManifest.xml:22:5-68
	android:name
		ADDED from src\main\AndroidManifest.xml:22:22-65
uses-permission#android.permission.SET_DEBUG_APP
ADDED from src\main\AndroidManifest.xml:23:5-72
	android:name
		ADDED from src\main\AndroidManifest.xml:23:22-69
uses-permission#android.permission.SYSTEM_ALERT_WINDOW
ADDED from src\main\AndroidManifest.xml:24:5-78
	android:name
		ADDED from src\main\AndroidManifest.xml:24:22-75
uses-permission#android.permission.GET_ACCOUNTS
ADDED from src\main\AndroidManifest.xml:25:5-71
	android:name
		ADDED from src\main\AndroidManifest.xml:25:22-68
uses-permission#android.permission.USE_CREDENTIALS
ADDED from src\main\AndroidManifest.xml:26:5-74
	android:name
		ADDED from src\main\AndroidManifest.xml:26:22-71
uses-permission#android.permission.MANAGE_ACCOUNTS
ADDED from src\main\AndroidManifest.xml:27:5-74
	android:name
		ADDED from src\main\AndroidManifest.xml:27:22-71
uses-permission#android.permission.CAMERA
ADDED from src\main\AndroidManifest.xml:30:5-65
	android:name
		ADDED from src\main\AndroidManifest.xml:30:22-62
uses-permission#android.permission.RECORD_AUDIO
ADDED from src\main\AndroidManifest.xml:31:5-71
	android:name
		ADDED from src\main\AndroidManifest.xml:31:22-68
uses-permission#android.permission.MOUNT_UNMOUNT_FILESYSTEMS
ADDED from src\main\AndroidManifest.xml:32:5-84
	android:name
		ADDED from src\main\AndroidManifest.xml:32:22-81
uses-permission#android.permission.CHANGE_NETWORK_STATE
ADDED from src\main\AndroidManifest.xml:38:5-79
	android:name
		ADDED from src\main\AndroidManifest.xml:38:22-76
uses-permission#android.permission.READ_CONTACTS
ADDED from src\main\AndroidManifest.xml:41:5-72
	android:name
		ADDED from src\main\AndroidManifest.xml:41:22-69
uses-permission#android.permission.WRITE_SETTINGS
ADDED from src\main\AndroidManifest.xml:43:5-73
	android:name
		ADDED from src\main\AndroidManifest.xml:43:22-70
uses-permission#android.permission.READ_EXTERNAL_STORAGE
ADDED from src\main\AndroidManifest.xml:44:5-80
MERGED from [Wuzhanglong.bSSYNews.BSSYNewsLibrary:bSBaseSDK:unspecified] AndroidManifest.xml:12:5-80
	android:name
		ADDED from src\main\AndroidManifest.xml:44:22-77
uses-permission#android.permission.CALL_PHONE
ADDED from src\main\AndroidManifest.xml:45:5-69
	android:name
		ADDED from src\main\AndroidManifest.xml:45:22-66
permission#com.im.zhsy.permission.JPUSH_MESSAGE
ADDED from src\main\AndroidManifest.xml:47:5-49:47
	android:protectionLevel
		ADDED from src\main\AndroidManifest.xml:49:9-44
	android:name
		ADDED from src\main\AndroidManifest.xml:48:9-60
uses-permission#com.im.zhsy.permission.JPUSH_MESSAGE
ADDED from src\main\AndroidManifest.xml:51:5-76
	android:name
		ADDED from src\main\AndroidManifest.xml:51:22-73
uses-permission#android.permission.RECEIVE_USER_PRESENT
ADDED from src\main\AndroidManifest.xml:52:5-79
	android:name
		ADDED from src\main\AndroidManifest.xml:52:22-76
uses-permission#android.permission.WAKE_LOCK
ADDED from src\main\AndroidManifest.xml:54:5-68
	android:name
		ADDED from src\main\AndroidManifest.xml:54:22-65
uses-permission#android.permission.CHANGE_WIFI_STATE
ADDED from src\main\AndroidManifest.xml:66:5-76
	android:name
		ADDED from src\main\AndroidManifest.xml:66:22-73
uses-permission#android.permission.ACCESS_LOCATION_EXTRA_COMMANDS
ADDED from src\main\AndroidManifest.xml:68:5-89
	android:name
		ADDED from src\main\AndroidManifest.xml:68:22-86
application
ADDED from src\main\AndroidManifest.xml:92:5-549:19
MERGED from [org.sufficientlysecure:html-textview:3.3] AndroidManifest.xml:11:5-20
MERGED from [Wuzhanglong.bSSYNews.BSSYNewsLibrary:bSBaseSDK:unspecified] AndroidManifest.xml:34:5-52:19
MERGED from [com.android.support:support-v4:21.0.3] AndroidManifest.xml:16:5-19
MERGED from [Wuzhanglong.bSSYNews.BSSYNewsLibrary:bSLibraryUmengShare:unspecified] AndroidManifest.xml:11:5-12:19
	android:label
		ADDED from src\main\AndroidManifest.xml:95:9-41
	android:icon
		ADDED from src\main\AndroidManifest.xml:94:9-45
	android:allowBackup
		ADDED from [Wuzhanglong.bSSYNews.BSSYNewsLibrary:bSBaseSDK:unspecified] AndroidManifest.xml:35:9-35
	android:theme
		ADDED from src\main\AndroidManifest.xml:96:9-40
	android:name
		ADDED from src\main\AndroidManifest.xml:93:9-70
service#com.beisheng.base.service.DownloadService
ADDED from src\main\AndroidManifest.xml:99:9-77
	android:name
		ADDED from src\main\AndroidManifest.xml:99:18-74
activity#com.beisheng.synews.activity.LogoActivity
ADDED from src\main\AndroidManifest.xml:102:9-111:20
	android:label
		ADDED from src\main\AndroidManifest.xml:104:13-45
	android:theme
		ADDED from src\main\AndroidManifest.xml:105:13-54
	android:name
		ADDED from src\main\AndroidManifest.xml:103:13-69
intent-filter#android.intent.action.MAIN+android.intent.category.LAUNCHER
ADDED from src\main\AndroidManifest.xml:106:13-110:29
action#android.intent.action.MAIN
ADDED from src\main\AndroidManifest.xml:107:17-69
	android:name
		ADDED from src\main\AndroidManifest.xml:107:25-66
category#android.intent.category.LAUNCHER
ADDED from src\main\AndroidManifest.xml:109:17-77
	android:name
		ADDED from src\main\AndroidManifest.xml:109:27-74
activity#com.beisheng.synews.activity.GuideActivity
ADDED from src\main\AndroidManifest.xml:112:9-118:20
	android:screenOrientation
		ADDED from src\main\AndroidManifest.xml:116:13-49
	android:launchMode
		ADDED from src\main\AndroidManifest.xml:115:13-44
	android:windowSoftInputMode
		ADDED from src\main\AndroidManifest.xml:117:13-52
	android:configChanges
		ADDED from src\main\AndroidManifest.xml:114:13-72
	android:name
		ADDED from src\main\AndroidManifest.xml:113:13-70
activity#com.beisheng.synews.activity.HomeActivity
ADDED from src\main\AndroidManifest.xml:119:9-123:55
	android:screenOrientation
		ADDED from src\main\AndroidManifest.xml:122:13-49
	android:launchMode
		ADDED from src\main\AndroidManifest.xml:121:13-44
	android:windowSoftInputMode
		ADDED from src\main\AndroidManifest.xml:123:13-52
	android:name
		ADDED from src\main\AndroidManifest.xml:120:13-69
activity#com.beisheng.synews.activity.ChannelActivity
ADDED from src\main\AndroidManifest.xml:124:9-128:55
	android:screenOrientation
		ADDED from src\main\AndroidManifest.xml:127:13-49
	android:launchMode
		ADDED from src\main\AndroidManifest.xml:126:13-43
	android:windowSoftInputMode
		ADDED from src\main\AndroidManifest.xml:128:13-52
	android:name
		ADDED from src\main\AndroidManifest.xml:125:13-72
meta-data#UMENG_APPKEY
ADDED from src\main\AndroidManifest.xml:131:9-134:21
	android:value
		ADDED from src\main\AndroidManifest.xml:133:13-53
	android:name
		ADDED from src\main\AndroidManifest.xml:132:13-40
meta-data#UMENG_CHANNEL
ADDED from src\main\AndroidManifest.xml:135:9-137:52
	android:value
		ADDED from src\main\AndroidManifest.xml:137:13-49
	android:name
		ADDED from src\main\AndroidManifest.xml:136:13-41
activity#com.umeng.socialize.editorpage.ShareActivity
ADDED from src\main\AndroidManifest.xml:141:9-144:54
	android:excludeFromRecents
		ADDED from src\main\AndroidManifest.xml:143:13-46
	android:theme
		ADDED from src\main\AndroidManifest.xml:144:13-51
	android:name
		ADDED from src\main\AndroidManifest.xml:142:13-72
activity#com.im.zhsy.wxapi.WXEntryActivity
ADDED from src\main\AndroidManifest.xml:147:9-152:75
	android:screenOrientation
		ADDED from src\main\AndroidManifest.xml:151:13-49
	android:exported
		ADDED from src\main\AndroidManifest.xml:150:13-36
	android:configChanges
		ADDED from src\main\AndroidManifest.xml:149:13-74
	android:theme
		ADDED from src\main\AndroidManifest.xml:152:13-72
	android:name
		ADDED from src\main\AndroidManifest.xml:148:13-61
activity#com.im.zhsy.wxapi.WBShareActivity
ADDED from src\main\AndroidManifest.xml:155:9-164:20
	android:screenOrientation
		ADDED from src\main\AndroidManifest.xml:158:13-49
	android:configChanges
		ADDED from src\main\AndroidManifest.xml:157:13-63
	android:name
		ADDED from src\main\AndroidManifest.xml:156:13-61
intent-filter#android.intent.category.DEFAULT+com.sina.weibo.sdk.action.ACTION_SDK_REQ_ACTIVITY
ADDED from src\main\AndroidManifest.xml:159:13-163:29
action#com.sina.weibo.sdk.action.ACTION_SDK_REQ_ACTIVITY
ADDED from src\main\AndroidManifest.xml:160:17-92
	android:name
		ADDED from src\main\AndroidManifest.xml:160:25-89
category#android.intent.category.DEFAULT
ADDED from src\main\AndroidManifest.xml:162:17-76
	android:name
		ADDED from src\main\AndroidManifest.xml:162:27-73
activity#com.sina.weibo.sdk.component.WeiboSdkBrowser
ADDED from src\main\AndroidManifest.xml:165:9-170:20
	android:exported
		ADDED from src\main\AndroidManifest.xml:168:13-37
	android:windowSoftInputMode
		ADDED from src\main\AndroidManifest.xml:169:13-55
	android:configChanges
		ADDED from src\main\AndroidManifest.xml:167:13-63
	android:name
		ADDED from src\main\AndroidManifest.xml:166:13-72
service#com.sina.weibo.sdk.net.DownloadService
ADDED from src\main\AndroidManifest.xml:172:9-175:19
	android:exported
		ADDED from src\main\AndroidManifest.xml:174:13-37
	android:name
		ADDED from src\main\AndroidManifest.xml:173:13-66
activity#com.tencent.tauth.AuthActivity
ADDED from src\main\AndroidManifest.xml:178:9-190:20
	android:launchMode
		ADDED from src\main\AndroidManifest.xml:180:13-44
	android:noHistory
		ADDED from src\main\AndroidManifest.xml:181:13-37
	android:name
		ADDED from src\main\AndroidManifest.xml:179:13-58
intent-filter#android.intent.action.VIEW+android.intent.category.BROWSABLE+android.intent.category.DEFAULT
ADDED from src\main\AndroidManifest.xml:182:13-189:29
action#android.intent.action.VIEW
ADDED from src\main\AndroidManifest.xml:183:17-69
	android:name
		ADDED from src\main\AndroidManifest.xml:183:25-66
category#android.intent.category.BROWSABLE
ADDED from src\main\AndroidManifest.xml:186:17-78
	android:name
		ADDED from src\main\AndroidManifest.xml:186:27-75
data
ADDED from src\main\AndroidManifest.xml:188:17-60
	android:scheme
		ADDED from src\main\AndroidManifest.xml:188:23-57
activity#com.tencent.connect.common.AssistActivity
ADDED from src\main\AndroidManifest.xml:191:9-194:75
	android:screenOrientation
		ADDED from src\main\AndroidManifest.xml:193:13-49
	android:theme
		ADDED from src\main\AndroidManifest.xml:194:13-72
	android:name
		ADDED from src\main\AndroidManifest.xml:192:13-69
activity#cn.jpush.android.ui.PushActivity
ADDED from src\main\AndroidManifest.xml:201:9-212:20
	android:exported
		ADDED from src\main\AndroidManifest.xml:204:13-37
	android:configChanges
		ADDED from src\main\AndroidManifest.xml:203:13-63
	android:theme
		ADDED from src\main\AndroidManifest.xml:205:13-60
	android:name
		ADDED from src\main\AndroidManifest.xml:202:13-60
intent-filter#android.intent.category.DEFAULT+cn.jpush.android.ui.PushActivity+com.im.zhsy
ADDED from src\main\AndroidManifest.xml:206:13-211:29
action#cn.jpush.android.ui.PushActivity
ADDED from src\main\AndroidManifest.xml:207:17-75
	android:name
		ADDED from src\main\AndroidManifest.xml:207:25-72
category#com.im.zhsy
ADDED from src\main\AndroidManifest.xml:210:17-56
	android:name
		ADDED from src\main\AndroidManifest.xml:210:27-53
service#cn.jpush.android.service.DownloadService
ADDED from src\main\AndroidManifest.xml:214:9-218:19
	android:enabled
		ADDED from src\main\AndroidManifest.xml:216:13-35
	android:exported
		ADDED from src\main\AndroidManifest.xml:217:13-37
	android:name
		ADDED from src\main\AndroidManifest.xml:215:13-68
service#cn.jpush.android.service.PushService
ADDED from src\main\AndroidManifest.xml:222:9-232:19
	android:enabled
		ADDED from src\main\AndroidManifest.xml:224:13-35
	android:exported
		ADDED from src\main\AndroidManifest.xml:225:13-37
	android:name
		ADDED from src\main\AndroidManifest.xml:223:13-64
intent-filter#cn.jpush.android.intent.PUSH_TIME+cn.jpush.android.intent.PushService+cn.jpush.android.intent.REGISTER+cn.jpush.android.intent.REPORT
ADDED from src\main\AndroidManifest.xml:226:13-231:29
action#cn.jpush.android.intent.REGISTER
ADDED from src\main\AndroidManifest.xml:227:17-75
	android:name
		ADDED from src\main\AndroidManifest.xml:227:25-72
action#cn.jpush.android.intent.REPORT
ADDED from src\main\AndroidManifest.xml:228:17-73
	android:name
		ADDED from src\main\AndroidManifest.xml:228:25-70
action#cn.jpush.android.intent.PushService
ADDED from src\main\AndroidManifest.xml:229:17-78
	android:name
		ADDED from src\main\AndroidManifest.xml:229:25-75
action#cn.jpush.android.intent.PUSH_TIME
ADDED from src\main\AndroidManifest.xml:230:17-76
	android:name
		ADDED from src\main\AndroidManifest.xml:230:25-73
service#cn.jpush.android.service.DaemonService
ADDED from src\main\AndroidManifest.xml:236:9-245:19
	android:enabled
		ADDED from src\main\AndroidManifest.xml:238:13-35
	android:exported
		ADDED from src\main\AndroidManifest.xml:239:13-36
	android:name
		ADDED from src\main\AndroidManifest.xml:237:13-66
intent-filter#cn.jpush.android.intent.DaemonService+com.im.zhsy
ADDED from src\main\AndroidManifest.xml:240:13-244:29
action#cn.jpush.android.intent.DaemonService
ADDED from src\main\AndroidManifest.xml:241:17-80
	android:name
		ADDED from src\main\AndroidManifest.xml:241:25-77
receiver#cn.jpush.android.service.PushReceiver
ADDED from src\main\AndroidManifest.xml:248:9-267:20
	android:enabled
		ADDED from src\main\AndroidManifest.xml:250:13-35
	android:exported
		ADDED from src\main\AndroidManifest.xml:251:13-37
	android:name
		ADDED from src\main\AndroidManifest.xml:249:13-65
intent-filter#cn.jpush.android.intent.NOTIFICATION_RECEIVED_PROXY+com.im.zhsy
ADDED from src\main\AndroidManifest.xml:252:13-255:29
	android:priority
		ADDED from src\main\AndroidManifest.xml:252:28-51
action#cn.jpush.android.intent.NOTIFICATION_RECEIVED_PROXY
ADDED from src\main\AndroidManifest.xml:253:17-94
	android:name
		ADDED from src\main\AndroidManifest.xml:253:25-91
intent-filter#android.intent.action.USER_PRESENT+android.net.conn.CONNECTIVITY_CHANGE
ADDED from src\main\AndroidManifest.xml:256:13-259:29
action#android.intent.action.USER_PRESENT
ADDED from src\main\AndroidManifest.xml:257:17-77
	android:name
		ADDED from src\main\AndroidManifest.xml:257:25-74
action#android.net.conn.CONNECTIVITY_CHANGE
ADDED from src\main\AndroidManifest.xml:258:17-79
	android:name
		ADDED from src\main\AndroidManifest.xml:258:25-76
intent-filter#android.intent.action.PACKAGE_ADDED+android.intent.action.PACKAGE_REMOVED
ADDED from src\main\AndroidManifest.xml:261:13-266:29
action#android.intent.action.PACKAGE_ADDED
ADDED from src\main\AndroidManifest.xml:262:17-78
	android:name
		ADDED from src\main\AndroidManifest.xml:262:25-75
action#android.intent.action.PACKAGE_REMOVED
ADDED from src\main\AndroidManifest.xml:263:17-80
	android:name
		ADDED from src\main\AndroidManifest.xml:263:25-77
receiver#cn.jpush.android.service.AlarmReceiver
ADDED from src\main\AndroidManifest.xml:270:9-272:40
	android:exported
		ADDED from src\main\AndroidManifest.xml:272:13-37
	android:name
		ADDED from src\main\AndroidManifest.xml:271:13-66
receiver#com.beisheng.synews.receiver.JPushReceiver
ADDED from src\main\AndroidManifest.xml:275:9-288:20
	android:enabled
		ADDED from src\main\AndroidManifest.xml:277:13-35
	android:exported
		ADDED from src\main\AndroidManifest.xml:278:13-37
	android:name
		ADDED from src\main\AndroidManifest.xml:276:13-70
intent-filter#cn.jpush.android.intent.ACTION_RICHPUSH_CALLBACK+cn.jpush.android.intent.CONNECTION+cn.jpush.android.intent.MESSAGE_RECEIVED+cn.jpush.android.intent.NOTIFICATION_OPENED+cn.jpush.android.intent.NOTIFICATION_RECEIVED+cn.jpush.android.intent.REGISTRATION+com.im.zhsy
ADDED from src\main\AndroidManifest.xml:279:13-287:29
action#cn.jpush.android.intent.REGISTRATION
ADDED from src\main\AndroidManifest.xml:280:17-79
	android:name
		ADDED from src\main\AndroidManifest.xml:280:25-76
action#cn.jpush.android.intent.MESSAGE_RECEIVED
ADDED from src\main\AndroidManifest.xml:281:17-83
	android:name
		ADDED from src\main\AndroidManifest.xml:281:25-80
action#cn.jpush.android.intent.NOTIFICATION_RECEIVED
ADDED from src\main\AndroidManifest.xml:282:17-88
	android:name
		ADDED from src\main\AndroidManifest.xml:282:25-85
action#cn.jpush.android.intent.NOTIFICATION_OPENED
ADDED from src\main\AndroidManifest.xml:283:17-86
	android:name
		ADDED from src\main\AndroidManifest.xml:283:25-83
action#cn.jpush.android.intent.ACTION_RICHPUSH_CALLBACK
ADDED from src\main\AndroidManifest.xml:284:17-91
	android:name
		ADDED from src\main\AndroidManifest.xml:284:25-88
action#cn.jpush.android.intent.CONNECTION
ADDED from src\main\AndroidManifest.xml:285:17-77
	android:name
		ADDED from src\main\AndroidManifest.xml:285:25-74
meta-data#JPUSH_CHANNEL
ADDED from src\main\AndroidManifest.xml:291:9-293:38
	android:value
		ADDED from src\main\AndroidManifest.xml:293:13-35
	android:name
		ADDED from src\main\AndroidManifest.xml:292:13-41
meta-data#JPUSH_APPKEY
ADDED from src\main\AndroidManifest.xml:294:9-296:56
	android:value
		ADDED from src\main\AndroidManifest.xml:296:13-53
	android:name
		ADDED from src\main\AndroidManifest.xml:295:13-40
meta-data#com.baidu.lbsapi.API_KEY
ADDED from src\main\AndroidManifest.xml:303:9-305:64
	android:value
		ADDED from src\main\AndroidManifest.xml:305:13-61
	android:name
		ADDED from src\main\AndroidManifest.xml:304:13-52
service#com.baidu.location.f
ADDED from src\main\AndroidManifest.xml:307:9-311:19
	android:enabled
		ADDED from src\main\AndroidManifest.xml:309:13-35
	android:process
		ADDED from src\main\AndroidManifest.xml:310:13-38
	android:name
		ADDED from src\main\AndroidManifest.xml:308:13-48
activity#com.beisheng.synews.activity.WebViewActivity
ADDED from src\main\AndroidManifest.xml:316:9-320:55
	android:screenOrientation
		ADDED from src\main\AndroidManifest.xml:319:13-49
	android:launchMode
		ADDED from src\main\AndroidManifest.xml:318:13-43
	android:windowSoftInputMode
		ADDED from src\main\AndroidManifest.xml:320:13-52
	android:name
		ADDED from src\main\AndroidManifest.xml:317:13-72
activity#com.beisheng.synews.activity.LiveDetailActivity
ADDED from src\main\AndroidManifest.xml:322:9-326:55
	android:screenOrientation
		ADDED from src\main\AndroidManifest.xml:325:13-49
	android:launchMode
		ADDED from src\main\AndroidManifest.xml:324:13-43
	android:windowSoftInputMode
		ADDED from src\main\AndroidManifest.xml:326:13-52
	android:name
		ADDED from src\main\AndroidManifest.xml:323:13-75
activity#com.beisheng.base.activity.ImagePreviewActivity
ADDED from src\main\AndroidManifest.xml:328:9-332:55
	android:screenOrientation
		ADDED from src\main\AndroidManifest.xml:331:13-49
	android:launchMode
		ADDED from src\main\AndroidManifest.xml:330:13-43
	android:windowSoftInputMode
		ADDED from src\main\AndroidManifest.xml:332:13-52
	android:name
		ADDED from src\main\AndroidManifest.xml:329:13-75
activity#com.beisheng.synews.activity.LiveAddActivity
ADDED from src\main\AndroidManifest.xml:334:9-338:55
	android:screenOrientation
		ADDED from src\main\AndroidManifest.xml:337:13-49
	android:launchMode
		ADDED from src\main\AndroidManifest.xml:336:13-43
	android:windowSoftInputMode
		ADDED from src\main\AndroidManifest.xml:338:13-52
	android:name
		ADDED from src\main\AndroidManifest.xml:335:13-72
activity#com.beisheng.base.activity.PhotoSelectorActivity
ADDED from src\main\AndroidManifest.xml:340:9-344:55
	android:screenOrientation
		ADDED from src\main\AndroidManifest.xml:343:13-49
	android:launchMode
		ADDED from src\main\AndroidManifest.xml:342:13-43
	android:windowSoftInputMode
		ADDED from src\main\AndroidManifest.xml:344:13-52
	android:name
		ADDED from src\main\AndroidManifest.xml:341:13-76
activity#com.beisheng.synews.activity.LiveAddThemeActivity
ADDED from src\main\AndroidManifest.xml:346:9-350:55
	android:screenOrientation
		ADDED from src\main\AndroidManifest.xml:349:13-49
	android:launchMode
		ADDED from src\main\AndroidManifest.xml:348:13-43
	android:windowSoftInputMode
		ADDED from src\main\AndroidManifest.xml:350:13-52
	android:name
		ADDED from src\main\AndroidManifest.xml:347:13-77
activity#com.beisheng.synews.activity.RegisteredActivtiy
ADDED from src\main\AndroidManifest.xml:353:9-357:55
	android:screenOrientation
		ADDED from src\main\AndroidManifest.xml:356:13-49
	android:launchMode
		ADDED from src\main\AndroidManifest.xml:355:13-43
	android:windowSoftInputMode
		ADDED from src\main\AndroidManifest.xml:357:13-52
	android:name
		ADDED from src\main\AndroidManifest.xml:354:13-75
activity#com.beisheng.synews.activity.LoginActivity
ADDED from src\main\AndroidManifest.xml:359:9-364:57
	android:screenOrientation
		ADDED from src\main\AndroidManifest.xml:363:13-49
	android:launchMode
		ADDED from src\main\AndroidManifest.xml:362:13-43
	android:windowSoftInputMode
		ADDED from src\main\AndroidManifest.xml:364:13-54
	android:configChanges
		ADDED from src\main\AndroidManifest.xml:361:13-63
	android:name
		ADDED from src\main\AndroidManifest.xml:360:13-70
activity#com.beisheng.synews.activity.PointsMallActivity
ADDED from src\main\AndroidManifest.xml:366:9-370:55
	android:screenOrientation
		ADDED from src\main\AndroidManifest.xml:369:13-49
	android:launchMode
		ADDED from src\main\AndroidManifest.xml:368:13-43
	android:windowSoftInputMode
		ADDED from src\main\AndroidManifest.xml:370:13-52
	android:name
		ADDED from src\main\AndroidManifest.xml:367:13-75
activity#com.beisheng.synews.activity.PointsMallDetailActivity
ADDED from src\main\AndroidManifest.xml:372:9-376:55
	android:screenOrientation
		ADDED from src\main\AndroidManifest.xml:375:13-49
	android:launchMode
		ADDED from src\main\AndroidManifest.xml:374:13-43
	android:windowSoftInputMode
		ADDED from src\main\AndroidManifest.xml:376:13-52
	android:name
		ADDED from src\main\AndroidManifest.xml:373:13-81
activity#com.beisheng.synews.activity.LocalSwitchActivity
ADDED from src\main\AndroidManifest.xml:378:9-382:55
	android:screenOrientation
		ADDED from src\main\AndroidManifest.xml:381:13-49
	android:launchMode
		ADDED from src\main\AndroidManifest.xml:380:13-43
	android:windowSoftInputMode
		ADDED from src\main\AndroidManifest.xml:382:13-52
	android:name
		ADDED from src\main\AndroidManifest.xml:379:13-76
activity#com.beisheng.synews.activity.KeyWordActivity
ADDED from src\main\AndroidManifest.xml:384:9-388:55
	android:screenOrientation
		ADDED from src\main\AndroidManifest.xml:387:13-49
	android:launchMode
		ADDED from src\main\AndroidManifest.xml:386:13-43
	android:windowSoftInputMode
		ADDED from src\main\AndroidManifest.xml:388:13-52
	android:name
		ADDED from src\main\AndroidManifest.xml:385:13-72
activity#com.beisheng.synews.activity.NewsDetailActivity
ADDED from src\main\AndroidManifest.xml:391:9-394:55
	android:screenOrientation
		ADDED from src\main\AndroidManifest.xml:393:13-49
	android:windowSoftInputMode
		ADDED from src\main\AndroidManifest.xml:394:13-52
	android:name
		ADDED from src\main\AndroidManifest.xml:392:13-75
activity#com.beisheng.synews.activity.NewsPhotoDetailActivity
ADDED from src\main\AndroidManifest.xml:398:9-402:55
	android:screenOrientation
		ADDED from src\main\AndroidManifest.xml:401:13-49
	android:launchMode
		ADDED from src\main\AndroidManifest.xml:400:14-43
	android:windowSoftInputMode
		ADDED from src\main\AndroidManifest.xml:402:13-52
	android:name
		ADDED from src\main\AndroidManifest.xml:399:13-80
activity#com.beisheng.synews.activity.SpecialTopicActivity
ADDED from src\main\AndroidManifest.xml:404:9-408:55
	android:screenOrientation
		ADDED from src\main\AndroidManifest.xml:407:13-49
	android:launchMode
		ADDED from src\main\AndroidManifest.xml:406:13-43
	android:windowSoftInputMode
		ADDED from src\main\AndroidManifest.xml:408:13-52
	android:name
		ADDED from src\main\AndroidManifest.xml:405:13-77
activity#com.beisheng.synews.activity.CommunityDetailActivity
ADDED from src\main\AndroidManifest.xml:411:9-415:55
	android:screenOrientation
		ADDED from src\main\AndroidManifest.xml:414:13-49
	android:launchMode
		ADDED from src\main\AndroidManifest.xml:413:13-43
	android:windowSoftInputMode
		ADDED from src\main\AndroidManifest.xml:415:13-52
	android:name
		ADDED from src\main\AndroidManifest.xml:412:13-80
activity#com.beisheng.synews.activity.VideoFullActivity
ADDED from src\main\AndroidManifest.xml:417:9-421:52
	android:screenOrientation
		ADDED from src\main\AndroidManifest.xml:421:13-49
	android:label
		ADDED from src\main\AndroidManifest.xml:420:13-45
	android:configChanges
		ADDED from src\main\AndroidManifest.xml:419:13-74
	android:name
		ADDED from src\main\AndroidManifest.xml:418:13-74
activity#com.beisheng.synews.activity.LiveRecordActivity
ADDED from src\main\AndroidManifest.xml:423:9-427:52
	android:screenOrientation
		ADDED from src\main\AndroidManifest.xml:427:13-49
	android:label
		ADDED from src\main\AndroidManifest.xml:426:13-45
	android:configChanges
		ADDED from src\main\AndroidManifest.xml:425:13-74
	android:name
		ADDED from src\main\AndroidManifest.xml:424:13-75
activity#com.beisheng.synews.activity.DisscussActivity
ADDED from src\main\AndroidManifest.xml:429:9-433:52
	android:screenOrientation
		ADDED from src\main\AndroidManifest.xml:433:13-49
	android:label
		ADDED from src\main\AndroidManifest.xml:432:13-45
	android:configChanges
		ADDED from src\main\AndroidManifest.xml:431:13-74
	android:name
		ADDED from src\main\AndroidManifest.xml:430:13-73
activity#com.beisheng.synews.activity.DisscussMyselfActivity
ADDED from src\main\AndroidManifest.xml:435:9-439:52
	android:screenOrientation
		ADDED from src\main\AndroidManifest.xml:439:13-49
	android:label
		ADDED from src\main\AndroidManifest.xml:438:13-45
	android:configChanges
		ADDED from src\main\AndroidManifest.xml:437:13-74
	android:name
		ADDED from src\main\AndroidManifest.xml:436:13-79
activity#com.beisheng.synews.activity.CommunityAddActivity
ADDED from src\main\AndroidManifest.xml:441:9-445:52
	android:screenOrientation
		ADDED from src\main\AndroidManifest.xml:445:13-49
	android:label
		ADDED from src\main\AndroidManifest.xml:444:13-45
	android:configChanges
		ADDED from src\main\AndroidManifest.xml:443:13-74
	android:name
		ADDED from src\main\AndroidManifest.xml:442:13-77
activity#com.beisheng.synews.activity.PointsRecordActivity
ADDED from src\main\AndroidManifest.xml:447:9-451:52
	android:screenOrientation
		ADDED from src\main\AndroidManifest.xml:451:13-49
	android:label
		ADDED from src\main\AndroidManifest.xml:450:13-45
	android:configChanges
		ADDED from src\main\AndroidManifest.xml:449:13-74
	android:name
		ADDED from src\main\AndroidManifest.xml:448:13-77
activity#com.beisheng.synews.activity.CacheListActivity
ADDED from src\main\AndroidManifest.xml:453:9-457:52
	android:screenOrientation
		ADDED from src\main\AndroidManifest.xml:457:13-49
	android:label
		ADDED from src\main\AndroidManifest.xml:456:13-45
	android:configChanges
		ADDED from src\main\AndroidManifest.xml:455:13-74
	android:name
		ADDED from src\main\AndroidManifest.xml:454:13-74